app/build/intermediates/manifest_merge_blame_file/debug/processDebugMainManifest/manifest-merger-blame-debug-report.txt
1<?xml version="1.0" encoding="utf-8"?>
2<manifest xmlns:android="http://schemas.android.com/apk/res/android"
3    package="com.zfl.gerinokta"
4    android:versionCode="1"
5    android:versionName="1.0" >
6
7    <uses-sdk
8        android:minSdkVersion="23"
9        android:targetSdkVersion="35" />
10
11    <uses-permission android:name="android.permission.INTERNET" />
11-->src\main\AndroidManifest.xml:2:5-67
11-->src\main\AndroidManifest.xml:2:22-64
12    <uses-permission android:name="android.permission.ACCESS_NETWORK_STATE" />
12-->src\main\AndroidManifest.xml:3:5-79
12-->src\main\AndroidManifest.xml:3:22-76
13    <uses-permission android:name="android.permission.ACCESS_FINE_LOCATION" />
13-->src\main\AndroidManifest.xml:4:5-79
13-->src\main\AndroidManifest.xml:4:22-76
14    <uses-permission android:name="android.permission.ACCESS_COARSE_LOCATION" />
14-->src\main\AndroidManifest.xml:5:5-81
14-->src\main\AndroidManifest.xml:5:22-78
15
16    <supports-screens
16-->[org.osmdroid:osmdroid-android:6.1.20] AndroidManifest.xml:9:5-12:40
17        android:anyDensity="true"
17-->[org.osmdroid:osmdroid-android:6.1.20] AndroidManifest.xml:10:9-34
18        android:largeScreens="true"
18-->[org.osmdroid:osmdroid-android:6.1.20] AndroidManifest.xml:11:9-36
19        android:normalScreens="true" />
19-->[org.osmdroid:osmdroid-android:6.1.20] AndroidManifest.xml:12:9-37
20
21    <uses-feature
21-->[org.osmdroid:osmdroid-android:6.1.20] AndroidManifest.xml:14:5-16:36
22        android:name="android.hardware.location.network"
22-->[org.osmdroid:osmdroid-android:6.1.20] AndroidManifest.xml:15:9-57
23        android:required="false" />
23-->[org.osmdroid:osmdroid-android:6.1.20] AndroidManifest.xml:16:9-33
24    <uses-feature
24-->[org.osmdroid:osmdroid-android:6.1.20] AndroidManifest.xml:17:5-19:36
25        android:name="android.hardware.location.gps"
25-->[org.osmdroid:osmdroid-android:6.1.20] AndroidManifest.xml:18:9-53
26        android:required="false" />
26-->[org.osmdroid:osmdroid-android:6.1.20] AndroidManifest.xml:19:9-33
27    <uses-feature
27-->[org.osmdroid:osmdroid-android:6.1.20] AndroidManifest.xml:20:5-22:36
28        android:name="android.hardware.telephony"
28-->[org.osmdroid:osmdroid-android:6.1.20] AndroidManifest.xml:21:9-50
29        android:required="false" />
29-->[org.osmdroid:osmdroid-android:6.1.20] AndroidManifest.xml:22:9-33
30    <uses-feature
30-->[org.osmdroid:osmdroid-android:6.1.20] AndroidManifest.xml:23:5-25:36
31        android:name="android.hardware.wifi"
31-->[org.osmdroid:osmdroid-android:6.1.20] AndroidManifest.xml:24:9-45
32        android:required="false" />
32-->[org.osmdroid:osmdroid-android:6.1.20] AndroidManifest.xml:25:9-33
33
34    <permission
34-->[androidx.core:core:1.13.0] AndroidManifest.xml:22:5-24:47
35        android:name="com.zfl.gerinokta.DYNAMIC_RECEIVER_NOT_EXPORTED_PERMISSION"
35-->[androidx.core:core:1.13.0] AndroidManifest.xml:23:9-81
36        android:protectionLevel="signature" />
36-->[androidx.core:core:1.13.0] AndroidManifest.xml:24:9-44
37
38    <uses-permission android:name="com.zfl.gerinokta.DYNAMIC_RECEIVER_NOT_EXPORTED_PERMISSION" />
38-->[androidx.core:core:1.13.0] AndroidManifest.xml:26:5-97
38-->[androidx.core:core:1.13.0] AndroidManifest.xml:26:22-94
39
40    <application
40-->src\main\AndroidManifest.xml:7:5-20:19
41        android:allowBackup="true"
41-->src\main\AndroidManifest.xml:8:9-35
42        android:appComponentFactory="androidx.core.app.CoreComponentFactory"
42-->[androidx.core:core:1.13.0] AndroidManifest.xml:28:18-86
43        android:debuggable="true"
44        android:extractNativeLibs="false"
45        android:icon="@drawable/app_icon"
45-->src\main\AndroidManifest.xml:9:9-42
46        android:label="@string/app_name"
46-->src\main\AndroidManifest.xml:10:9-41
47        android:theme="@style/AppTheme" >
47-->src\main\AndroidManifest.xml:11:9-40
48        <activity
48-->src\main\AndroidManifest.xml:12:9-19:20
49            android:name="com.zfl.gerinokta.MainActivity"
49-->src\main\AndroidManifest.xml:13:13-41
50            android:exported="true" >
50-->src\main\AndroidManifest.xml:14:13-36
51            <intent-filter>
51-->src\main\AndroidManifest.xml:15:13-18:29
52                <action android:name="android.intent.action.MAIN" />
52-->src\main\AndroidManifest.xml:16:17-69
52-->src\main\AndroidManifest.xml:16:25-66
53
54                <category android:name="android.intent.category.LAUNCHER" />
54-->src\main\AndroidManifest.xml:17:17-77
54-->src\main\AndroidManifest.xml:17:27-74
55            </intent-filter>
56        </activity>
57
58        <provider
58-->[androidx.emoji2:emoji2:1.2.0] AndroidManifest.xml:24:9-32:20
59            android:name="androidx.startup.InitializationProvider"
59-->[androidx.emoji2:emoji2:1.2.0] AndroidManifest.xml:25:13-67
60            android:authorities="com.zfl.gerinokta.androidx-startup"
60-->[androidx.emoji2:emoji2:1.2.0] AndroidManifest.xml:26:13-68
61            android:exported="false" >
61-->[androidx.emoji2:emoji2:1.2.0] AndroidManifest.xml:27:13-37
62            <meta-data
62-->[androidx.emoji2:emoji2:1.2.0] AndroidManifest.xml:29:13-31:52
63                android:name="androidx.emoji2.text.EmojiCompatInitializer"
63-->[androidx.emoji2:emoji2:1.2.0] AndroidManifest.xml:30:17-75
64                android:value="androidx.startup" />
64-->[androidx.emoji2:emoji2:1.2.0] AndroidManifest.xml:31:17-49
65            <meta-data
65-->[androidx.lifecycle:lifecycle-process:2.6.2] AndroidManifest.xml:29:13-31:52
66                android:name="androidx.lifecycle.ProcessLifecycleInitializer"
66-->[androidx.lifecycle:lifecycle-process:2.6.2] AndroidManifest.xml:30:17-78
67                android:value="androidx.startup" />
67-->[androidx.lifecycle:lifecycle-process:2.6.2] AndroidManifest.xml:31:17-49
68            <meta-data
68-->[androidx.profileinstaller:profileinstaller:1.3.0] AndroidManifest.xml:29:13-31:52
69                android:name="androidx.profileinstaller.ProfileInstallerInitializer"
69-->[androidx.profileinstaller:profileinstaller:1.3.0] AndroidManifest.xml:30:17-85
70                android:value="androidx.startup" />
70-->[androidx.profileinstaller:profileinstaller:1.3.0] AndroidManifest.xml:31:17-49
71        </provider>
72
73        <receiver
73-->[androidx.profileinstaller:profileinstaller:1.3.0] AndroidManifest.xml:34:9-52:20
74            android:name="androidx.profileinstaller.ProfileInstallReceiver"
74-->[androidx.profileinstaller:profileinstaller:1.3.0] AndroidManifest.xml:35:13-76
75            android:directBootAware="false"
75-->[androidx.profileinstaller:profileinstaller:1.3.0] AndroidManifest.xml:36:13-44
76            android:enabled="true"
76-->[androidx.profileinstaller:profileinstaller:1.3.0] AndroidManifest.xml:37:13-35
77            android:exported="true"
77-->[androidx.profileinstaller:profileinstaller:1.3.0] AndroidManifest.xml:38:13-36
78            android:permission="android.permission.DUMP" >
78-->[androidx.profileinstaller:profileinstaller:1.3.0] AndroidManifest.xml:39:13-57
79            <intent-filter>
79-->[androidx.profileinstaller:profileinstaller:1.3.0] AndroidManifest.xml:40:13-42:29
80                <action android:name="androidx.profileinstaller.action.INSTALL_PROFILE" />
80-->[androidx.profileinstaller:profileinstaller:1.3.0] AndroidManifest.xml:41:17-91
80-->[androidx.profileinstaller:profileinstaller:1.3.0] AndroidManifest.xml:41:25-88
81            </intent-filter>
82            <intent-filter>
82-->[androidx.profileinstaller:profileinstaller:1.3.0] AndroidManifest.xml:43:13-45:29
83                <action android:name="androidx.profileinstaller.action.SKIP_FILE" />
83-->[androidx.profileinstaller:profileinstaller:1.3.0] AndroidManifest.xml:44:17-85
83-->[androidx.profileinstaller:profileinstaller:1.3.0] AndroidManifest.xml:44:25-82
84            </intent-filter>
85            <intent-filter>
85-->[androidx.profileinstaller:profileinstaller:1.3.0] AndroidManifest.xml:46:13-48:29
86                <action android:name="androidx.profileinstaller.action.SAVE_PROFILE" />
86-->[androidx.profileinstaller:profileinstaller:1.3.0] AndroidManifest.xml:47:17-88
86-->[androidx.profileinstaller:profileinstaller:1.3.0] AndroidManifest.xml:47:25-85
87            </intent-filter>
88            <intent-filter>
88-->[androidx.profileinstaller:profileinstaller:1.3.0] AndroidManifest.xml:49:13-51:29
89                <action android:name="androidx.profileinstaller.action.BENCHMARK_OPERATION" />
89-->[androidx.profileinstaller:profileinstaller:1.3.0] AndroidManifest.xml:50:17-95
89-->[androidx.profileinstaller:profileinstaller:1.3.0] AndroidManifest.xml:50:25-92
90            </intent-filter>
91        </receiver>
92    </application>
93
94</manifest>